<?xml version="1.0" encoding="UTF-8" standalone="no"?>
<testsuite errors="0" failures="0" name="io.cucumber.core.plugin.JUnitFormatter" skipped="0" tests="3" time="56.474">
<testcase classname="Youtube Video Select and Search" name="Clicking any video from the homepage" time="25.844">
<system-out><![CDATA[Given I have youtube homepage open..........................................passed
When I choose a video.......................................................passed
And open it in a new tab....................................................passed
And switch to that tab......................................................passed
Then i can see video page opened............................................passed
And video starts playing....................................................passed
]]></system-out>
</testcase>
<testcase classname="Youtube Video Select and Search" name="Searching for a specific video" time="19.422">
<system-out><![CDATA[Given I have youtube web page open..........................................passed
When I search for this 'word'...............................................passed
Then I verify the 'word' in page title......................................passed
And I see 'word' is present in the searchbox of new page....................passed
And I see webpage url is modified with 'word'...............................passed
]]></system-out>
</testcase>
<testcase classname="Youtube Video Select and Search" name="Searching for a specific video 2" time="10.804">
<system-out><![CDATA[Given I have youtube web page open..........................................passed
When I search for this 'two words'..........................................passed
Then I verify the 'two words' in page title.................................passed
And I see 'two words' is present in the searchbox of new page...............passed
And I see webpage url is modified with 'two+words'..........................passed
]]></system-out>
</testcase>
</testsuite>
